pdf
Resampling? True
../simulation_saves/TSPPDNoEffectResampleFast/num_sims=20000armProb=0.5/N=785c=0.0/bbEqualMeansEqualPriorburn_in_size-batch_size=1-1
c 0.0
burn_in_size, batch_size 1 1
prob_per_arm [0.5, 0.5]
len(sys.argvs) 7
armsEqual
sys.argv[5] None
Prior params:  [1.0, 1.0]
step_size 3140
n_size_list [393, 785, 1570, 3140]
trials_count 62800000
Index(['AlgorithmAction', 'ObservedRewardofAction',
       'MatchesOptimalExpectedAction', 'ExpectedRegret',
       'CumulativeExpectedRegret', 'Action1SuccessCount',
       'Action1FailureCount', 'Action1EstimatedProb', 'Action2SuccessCount',
       'Action2FailureCount', 'Action2EstimatedProb', 'Action1Sample',
       'Action2Sample', 'IsExploring', 'ipws', 'ProbAction1IsBest',
       'SampleNumber'],
      dtype='object')
      AlgorithmAction  ObservedRewardofAction  ...  ProbAction1IsBest  SampleNumber
0                   1                       1  ...              0.505             0
1                   2                       1  ...              0.673             1
2                   2                       0  ...              0.514             2
3                   1                       0  ...              0.705             3
4                   1                       1  ...              0.529             4
...               ...                     ...  ...                ...           ...
3135                2                       1  ...              0.127          3135
3136                2                       0  ...              0.130          3136
3137                2                       0  ...              0.130          3137
3138                2                       0  ...              0.121          3138
3139                2                       0  ...              0.163          3139

[62800000 rows x 17 columns]
62800000
Execution time = 73421.829251 seconds
