pdf
Resampling? True
../simulation_saves/TSPPDNoEffectResampleFast/num_sims=10000armProb=0.5/N=785c=0.0/bbEqualMeansEqualPriorburn_in_size-batch_size=1-1
c 0.0
burn_in_size, batch_size 1 1
prob_per_arm [0.5, 0.5]
len(sys.argvs) 7
armsEqual
sys.argv[5] None
Prior params:  [1.0, 1.0]
step_size 3140
n_size_list [393, 785, 1570, 3140]
trials_count 31400000
Index(['AlgorithmAction', 'ObservedRewardofAction',
       'MatchesOptimalExpectedAction', 'ExpectedRegret',
       'CumulativeExpectedRegret', 'Action1SuccessCount',
       'Action1FailureCount', 'Action1EstimatedProb', 'Action2SuccessCount',
       'Action2FailureCount', 'Action2EstimatedProb', 'Action1Sample',
       'Action2Sample', 'IsExploring', 'ipws', 'ProbAction1IsBest',
       'SampleNumber'],
      dtype='object')
      AlgorithmAction  ObservedRewardofAction  ...  ProbAction1IsBest  SampleNumber
0                   1                       0  ...              0.504             0
1                   2                       1  ...              0.348             1
2                   2                       0  ...              0.177             2
3                   1                       1  ...              0.293             3
4                   1                       1  ...              0.495             4
...               ...                     ...  ...                ...           ...
3135                1                       0  ...              0.157          3135
3136                2                       1  ...              0.181          3136
3137                2                       1  ...              0.179          3137
3138                2                       1  ...              0.151          3138
3139                2                       0  ...              0.142          3139

[31400000 rows x 17 columns]
31400000
Execution time = 36153.260858 seconds
