pdf
Resampling? False
../simulation_saves/TSPPDIsEffectFastFullHistory/num_sims=2armProb=0.5/es=0.08c=0.0/bbUnEqualMeansEqualPriorburn_in_size-batch_size=1-1
c 0.0
burn_in_size, batch_size 1 1
center 0.5
prob_per_arm [0.54, 0.46]
len(sys.argvs) 6
0.0
sys.argv[5] None
Prior params:  [1.0, 1.0]
step_size 657
n_size_list [  2   3   4   5   6   7   8   9  10  11  12  13  14  15  16  17  18  19
  20  21  22  23  24  25  26  27  28  29  30  31  32  33  34  35  36  37
  38  39  40  41  42  43  44  45  46  47  48  49  50  51  52  53  54  55
  56  57  58  59  60  61  62  63  64  65  66  67  68  69  70  71  72  73
  74  75  76  77  78  79  80  81  82  83  84  85  86  87  88  89  90  91
  92  93  94  95  96  97  98  99 100 101 102 103 104 105 106 107 108 109
 110 111 112 113 114 115 116 117 118 119 120 121 122 123 124 125 126 127
 128 129 130 131 132 133 134 135 136 137 138 139 140 141 142 143 144 145
 146 147 148 149 150 151 152 153 154 155 156 157 158 159 160 161 162 163
 164]
trials_count 1314
Index(['AlgorithmAction', 'ObservedRewardofAction',
       'MatchesOptimalExpectedAction', 'ExpectedRegret',
       'CumulativeExpectedRegret', 'Action1SuccessCount',
       'Action1FailureCount', 'Action1EstimatedProb', 'Action2SuccessCount',
       'Action2FailureCount', 'Action2EstimatedProb', 'Action1Sample',
       'Action2Sample', 'IsExploring', 'ipws', 'ProbAction1IsBest',
       'SampleNumber'],
      dtype='object')
     AlgorithmAction  ObservedRewardofAction  ...  ProbAction1IsBest  SampleNumber
0                  1                       0  ...              0.515             0
1                  2                       1  ...              0.317             1
2                  1                       0  ...              0.173             2
3                  2                       0  ...              0.109             3
4                  2                       0  ...              0.195             4
..               ...                     ...  ...                ...           ...
652                1                       1  ...              0.976           652
653                1                       0  ...              0.986           653
654                1                       1  ...              0.987           654
655                1                       0  ...              0.978           655
656                1                       1  ...              0.966           656

[1314 rows x 17 columns]
1314
Execution time = 8.574096 seconds
