pdf
Resampling? True
../simulation_saves/TSPPDNoEffectResampleFast/num_sims=10000armProb=0.5/N=657c=0.0/bbEqualMeansEqualPriorburn_in_size-batch_size=1-1
c 0.0
burn_in_size, batch_size 1 1
using real world sample size 164.25
prob_per_arm [0.5, 0.5]
len(sys.argvs) 7
armsEqual
sys.argv[5] None
Prior params:  [1.0, 1.0]
step_size 657
n_size_list [83, 164, 328, 657]
trials_count 6570000
Index(['AlgorithmAction', 'ObservedRewardofAction',
       'MatchesOptimalExpectedAction', 'ExpectedRegret',
       'CumulativeExpectedRegret', 'Action1SuccessCount',
       'Action1FailureCount', 'Action1EstimatedProb', 'Action2SuccessCount',
       'Action2FailureCount', 'Action2EstimatedProb', 'Action1Sample',
       'Action2Sample', 'IsExploring', 'ipws', 'ProbAction1IsBest',
       'SampleNumber'],
      dtype='object')
     AlgorithmAction  ObservedRewardofAction  ...  ProbAction1IsBest  SampleNumber
0                  1                       1  ...              0.500             0
1                  2                       1  ...              0.662             1
2                  1                       0  ...              0.486             2
3                  1                       0  ...              0.298             3
4                  2                       1  ...              0.187             4
..               ...                     ...  ...                ...           ...
652                2                       0  ...              0.349           652
653                1                       0  ...              0.367           653
654                2                       0  ...              0.329           654
655                2                       0  ...              0.295           655
656                1                       1  ...              0.318           656

[6570000 rows x 17 columns]
6570000
Execution time = 8678.377589 seconds
