pdf
Resampling? False
../simulation_saves/TSPPDIsEffectFastFullHistory/num_sims=2armProb=0.5/es=0.5c=0.0/bbUnEqualMeansEqualPriorburn_in_size-batch_size=1-1
c 0.0
burn_in_size, batch_size 1 1
center 0.5
prob_per_arm [0.75, 0.25]
len(sys.argvs) 6
0.0
sys.argv[5] None
Prior params:  [1.0, 1.0]
step_size 128
n_size_list [ 2  3  4  5  6  7  8  9 10 11 12 13 14 15 16 17 18 19 20 21 22 23 24 25
 26 27 28 29 30 31 32]
trials_count 256
Index(['AlgorithmAction', 'ObservedRewardofAction',
       'MatchesOptimalExpectedAction', 'ExpectedRegret',
       'CumulativeExpectedRegret', 'Action1SuccessCount',
       'Action1FailureCount', 'Action1EstimatedProb', 'Action2SuccessCount',
       'Action2FailureCount', 'Action2EstimatedProb', 'Action1Sample',
       'Action2Sample', 'IsExploring', 'ipws', 'ProbAction1IsBest',
       'SampleNumber'],
      dtype='object')
     AlgorithmAction  ObservedRewardofAction  ...  ProbAction1IsBest  SampleNumber
0                  1                       1  ...              0.504             0
1                  2                       0  ...              0.672             1
2                  1                       1  ...              0.835             2
3                  1                       1  ...              0.898             3
4                  1                       1  ...              0.933             4
..               ...                     ...  ...                ...           ...
123                1                       1  ...              0.997           123
124                1                       1  ...              0.999           124
125                1                       0  ...              0.999           125
126                1                       0  ...              0.999           126
127                1                       1  ...              0.997           127

[256 rows x 17 columns]
256
Execution time = 1.679509 seconds
