pdf
Resampling? True
../simulation_saves/TSPPDNoEffectResampleFast/num_sims=2armProb=0.25/N=785c=0.0/bbEqualMeansEqualPriorburn_in_size-batch_size=1-1
c 0.0
burn_in_size, batch_size 1 1
prob_per_arm [0.5, 0.5]
len(sys.argvs) 7
armsEqual
sys.argv[5] None
Prior params:  [1.0, 1.0]
step_size 3140
n_size_list [393, 785, 1570, 3140]
trials_count 6280
Index(['AlgorithmAction', 'ObservedRewardofAction',
       'MatchesOptimalExpectedAction', 'ExpectedRegret',
       'CumulativeExpectedRegret', 'Action1SuccessCount',
       'Action1FailureCount', 'Action1EstimatedProb', 'Action2SuccessCount',
       'Action2FailureCount', 'Action2EstimatedProb', 'Action1Sample',
       'Action2Sample', 'IsExploring', 'ipws', 'ProbAction1IsBest',
       'SampleNumber'],
      dtype='object')
      AlgorithmAction  ObservedRewardofAction  ...  ProbAction1IsBest  SampleNumber
0                   1                       0  ...              0.491             0
1                   2                       1  ...              0.345             1
2                   2                       0  ...              0.165             2
3                   1                       1  ...              0.310             3
4                   1                       1  ...              0.471             4
...               ...                     ...  ...                ...           ...
3135                1                       1  ...              0.818          3135
3136                1                       0  ...              0.833          3136
3137                1                       1  ...              0.827          3137
3138                1                       0  ...              0.822          3138
3139                1                       0  ...              0.815          3139

[6280 rows x 17 columns]
6280
Execution time = 7.403487 seconds
