pdf
Resampling? True
../simulation_saves/TSPPDNoEffectResampleFast/num_sims=10000armProb=0.25/N=88c=0.0/bbEqualMeansEqualPriorburn_in_size-batch_size=1-1
c 0.0
burn_in_size, batch_size 1 1
prob_per_arm [0.5, 0.5]
len(sys.argvs) 7
armsEqual
sys.argv[5] None
Prior params:  [1.0, 1.0]
step_size 352
n_size_list [44, 88, 176, 352]
trials_count 3520000
Index(['AlgorithmAction', 'ObservedRewardofAction',
       'MatchesOptimalExpectedAction', 'ExpectedRegret',
       'CumulativeExpectedRegret', 'Action1SuccessCount',
       'Action1FailureCount', 'Action1EstimatedProb', 'Action2SuccessCount',
       'Action2FailureCount', 'Action2EstimatedProb', 'Action1Sample',
       'Action2Sample', 'IsExploring', 'ipws', 'ProbAction1IsBest',
       'SampleNumber'],
      dtype='object')
     AlgorithmAction  ObservedRewardofAction  ...  ProbAction1IsBest  SampleNumber
0                  1                       0  ...              0.507             0
1                  2                       0  ...              0.333             1
2                  1                       0  ...              0.516             2
3                  1                       0  ...              0.391             3
4                  1                       0  ...              0.307             4
..               ...                     ...  ...                ...           ...
347                1                       0  ...              0.122           347
348                2                       0  ...              0.120           348
349                2                       1  ...              0.132           349
350                2                       1  ...              0.106           350
351                2                       1  ...              0.094           351

[3520000 rows x 17 columns]
3520000
Execution time = 5131.959021 seconds
