pdf
Resampling? False
../simulation_saves/TSPPDIsEffectFastJeffPrior/num_sims=5000armProb=0.5/es=0.3c=0.0/bbUnEqualMeansEqualPriorburn_in_size-batch_size=1-1
c 0.0
burn_in_size, batch_size 1 1
center 0.5
prob_per_arm [0.65, 0.35]
len(sys.argvs) 6
0.0
sys.argv[5] None
Prior params:  [0.5, 0.5]
step_size 352
n_size_list [44, 88, 176, 352]
trials_count 1760000
Index(['AlgorithmAction', 'ObservedRewardofAction',
       'MatchesOptimalExpectedAction', 'ExpectedRegret',
       'CumulativeExpectedRegret', 'Action1SuccessCount',
       'Action1FailureCount', 'Action1EstimatedProb', 'Action2SuccessCount',
       'Action2FailureCount', 'Action2EstimatedProb', 'Action1Sample',
       'Action2Sample', 'IsExploring', 'ipws', 'ProbAction1IsBest',
       'SampleNumber'],
      dtype='object')
Execution time = 2534.648058 seconds
