pdf
Resampling? True
../simulation_saves/TSPPDNoEffectResampleFast/num_sims=10000armProb=0.25/N=785c=0.0/bbEqualMeansEqualPriorburn_in_size-batch_size=1-1
c 0.0
burn_in_size, batch_size 1 1
prob_per_arm [0.5, 0.5]
len(sys.argvs) 7
armsEqual
sys.argv[5] None
Prior params:  [1.0, 1.0]
step_size 3140
n_size_list [393, 785, 1570, 3140]
trials_count 31400000
Index(['AlgorithmAction', 'ObservedRewardofAction',
       'MatchesOptimalExpectedAction', 'ExpectedRegret',
       'CumulativeExpectedRegret', 'Action1SuccessCount',
       'Action1FailureCount', 'Action1EstimatedProb', 'Action2SuccessCount',
       'Action2FailureCount', 'Action2EstimatedProb', 'Action1Sample',
       'Action2Sample', 'IsExploring', 'ipws', 'ProbAction1IsBest',
       'SampleNumber'],
      dtype='object')
      AlgorithmAction  ObservedRewardofAction  ...  ProbAction1IsBest  SampleNumber
0                   1                       0  ...              0.514             0
1                   2                       1  ...              0.328             1
2                   2                       1  ...              0.156             2
3                   2                       1  ...              0.111             3
4                   2                       1  ...              0.091             4
...               ...                     ...  ...                ...           ...
3135                2                       0  ...              0.225          3135
3136                2                       1  ...              0.235          3136
3137                2                       0  ...              0.232          3137
3138                2                       1  ...              0.222          3138
3139                2                       1  ...              0.236          3139

[31400000 rows x 17 columns]
31400000
Execution time = 36555.292726 seconds
