pdf
Resampling? True
../simulation_saves/TSPPDNoEffectResampleFast/num_sims=2armProb=0.25/N=32c=0.0/bbEqualMeansEqualPriorburn_in_size-batch_size=1-1
c 0.0
burn_in_size, batch_size 1 1
prob_per_arm [0.5, 0.5]
len(sys.argvs) 7
armsEqual
sys.argv[5] None
Prior params:  [1.0, 1.0]
step_size 128
n_size_list [16, 32, 64, 128]
trials_count 256
Index(['AlgorithmAction', 'ObservedRewardofAction',
       'MatchesOptimalExpectedAction', 'ExpectedRegret',
       'CumulativeExpectedRegret', 'Action1SuccessCount',
       'Action1FailureCount', 'Action1EstimatedProb', 'Action2SuccessCount',
       'Action2FailureCount', 'Action2EstimatedProb', 'Action1Sample',
       'Action2Sample', 'IsExploring', 'ipws', 'ProbAction1IsBest',
       'SampleNumber'],
      dtype='object')
     AlgorithmAction  ObservedRewardofAction  ...  ProbAction1IsBest  SampleNumber
0                  1                       1  ...              0.492             0
1                  2                       1  ...              0.672             1
2                  1                       1  ...              0.486             2
3                  1                       0  ...              0.604             3
4                  1                       1  ...              0.397             4
..               ...                     ...  ...                ...           ...
123                1                       1  ...              0.863           123
124                2                       0  ...              0.865           124
125                1                       0  ...              0.907           125
126                1                       0  ...              0.887           126
127                1                       0  ...              0.867           127

[256 rows x 17 columns]
256
Execution time = 0.584362 seconds
