pdf
Resampling? True
../simulation_saves/TSPPDNoEffectResampleFast/num_sims=20000armProb=0.25/N=32c=0.0/bbEqualMeansEqualPriorburn_in_size-batch_size=1-1
c 0.0
burn_in_size, batch_size 1 1
prob_per_arm [0.5, 0.5]
len(sys.argvs) 7
armsEqual
sys.argv[5] None
Prior params:  [1.0, 1.0]
step_size 128
n_size_list [16, 32, 64, 128]
trials_count 2560000
Index(['AlgorithmAction', 'ObservedRewardofAction',
       'MatchesOptimalExpectedAction', 'ExpectedRegret',
       'CumulativeExpectedRegret', 'Action1SuccessCount',
       'Action1FailureCount', 'Action1EstimatedProb', 'Action2SuccessCount',
       'Action2FailureCount', 'Action2EstimatedProb', 'Action1Sample',
       'Action2Sample', 'IsExploring', 'ipws', 'ProbAction1IsBest',
       'SampleNumber'],
      dtype='object')
     AlgorithmAction  ObservedRewardofAction  ...  ProbAction1IsBest  SampleNumber
0                  1                       1  ...              0.519             0
1                  2                       0  ...              0.655             1
2                  1                       0  ...              0.844             2
3                  1                       0  ...              0.684             3
4                  1                       0  ...              0.593             4
..               ...                     ...  ...                ...           ...
123                2                       1  ...              0.021           123
124                2                       1  ...              0.021           124
125                2                       0  ...              0.015           125
126                2                       0  ...              0.020           126
127                2                       1  ...              0.020           127

[2560000 rows x 17 columns]
2560000
Execution time = 4922.817224 seconds
