pdf
Resampling? False
../simulation_saves/TSPPDIsEffectFast/num_sims=2armProb=0.25/es=0.1c=0.0/bbUnEqualMeansEqualPriorburn_in_size-batch_size=1-1
c 0.0
burn_in_size, batch_size 1 1
center 0.25
prob_per_arm [0.3, 0.2]
len(sys.argvs) 6
0.0
sys.argv[5] None
Prior params:  [1.0, 1.0]
step_size 3140
n_size_list [393, 785, 1570, 3140]
trials_count 6280
Index(['AlgorithmAction', 'ObservedRewardofAction',
       'MatchesOptimalExpectedAction', 'ExpectedRegret',
       'CumulativeExpectedRegret', 'Action1SuccessCount',
       'Action1FailureCount', 'Action1EstimatedProb', 'Action2SuccessCount',
       'Action2FailureCount', 'Action2EstimatedProb', 'Action1Sample',
       'Action2Sample', 'IsExploring', 'ipws', 'ProbAction1IsBest',
       'SampleNumber'],
      dtype='object')
Execution time = 7.554554 seconds
